<?xml version="1.0" encoding="UTF-8"?>
<testng-results ignored="0" total="1" passed="1" failed="0" skipped="0">
  <reporter-output>
  </reporter-output>
  <suite started-at="2023-04-06T19:33:44Z" name="Surefire suite" finished-at="2023-04-06T19:33:44Z" duration-ms="90">
    <groups>
    </groups>
    <test started-at="2023-04-06T19:33:44Z" name="Surefire test" finished-at="2023-04-06T19:33:44Z" duration-ms="90">
      <class name="com.microsoft.example.SimpleTest">
        <test-method signature="evaluatesExpression()" started-at="2023-04-06T14:33:44Z" name="evaluatesExpression" finished-at="2023-04-06T14:33:44Z" duration-ms="35" status="PASS">
          <reporter-output>
          </reporter-output>
        </test-method> <!-- evaluatesExpression -->
      </class> <!-- com.microsoft.example.SimpleTest -->
    </test> <!-- Surefire test -->
  </suite> <!-- Surefire suite -->
</testng-results>
