<?xml version="1.0" encoding="UTF-8"?>
<!-- Generated by org.testng.reporters.JUnitXMLReporter -->
<testsuite ignored="0" hostname="oficinaImpri" failures="0" tests="3" name="Surefire test" time="0.111" errors="0" timestamp="06 Apr 2023 19:33:43 GMT">
  <testcase classname="com.microsoft.example.FaresTest" name="employeeTotalFees" time="0.034"/>
  <testcase classname="com.microsoft.example.FaresTest" name="fareTotal" time="0.004"/>
  <testcase classname="com.microsoft.example.FaresTest" name="faresProperties" time="0.001"/>
</testsuite> <!-- Surefire test -->
