<?xml version="1.0" encoding="UTF-8"?>
<testng-results ignored="0" total="3" passed="3" failed="0" skipped="0">
  <reporter-output>
  </reporter-output>
  <suite started-at="2023-04-06T19:33:43Z" name="Surefire suite" finished-at="2023-04-06T19:33:43Z" duration-ms="111">
    <groups>
    </groups>
    <test started-at="2023-04-06T19:33:43Z" name="Surefire test" finished-at="2023-04-06T19:33:43Z" duration-ms="111">
      <class name="com.microsoft.example.FaresTest">
        <test-method is-config="true" signature="setupDateFormat()[pri:0, instance:com.microsoft.example.FaresTest@747ddf94]" started-at="2023-04-06T14:33:43Z" name="setupDateFormat" finished-at="2023-04-06T14:33:43Z" duration-ms="21" status="PASS">
          <reporter-output>
          </reporter-output>
        </test-method> <!-- setupDateFormat -->
        <test-method is-config="true" signature="setupStartEndTimes()[pri:0, instance:com.microsoft.example.FaresTest@747ddf94]" started-at="2023-04-06T14:33:43Z" name="setupStartEndTimes" finished-at="2023-04-06T14:33:43Z" duration-ms="22" status="PASS">
          <reporter-output>
          </reporter-output>
        </test-method> <!-- setupStartEndTimes -->
        <test-method signature="employeeTotalFees()[pri:0, instance:com.microsoft.example.FaresTest@747ddf94]" started-at="2023-04-06T14:33:43Z" name="employeeTotalFees" finished-at="2023-04-06T14:33:43Z" duration-ms="34" status="PASS">
          <reporter-output>
          </reporter-output>
        </test-method> <!-- employeeTotalFees -->
        <test-method is-config="true" signature="setupStartEndTimes()[pri:0, instance:com.microsoft.example.FaresTest@747ddf94]" started-at="2023-04-06T14:33:43Z" name="setupStartEndTimes" finished-at="2023-04-06T14:33:43Z" duration-ms="1" status="PASS">
          <reporter-output>
          </reporter-output>
        </test-method> <!-- setupStartEndTimes -->
        <test-method signature="fareTotal()[pri:0, instance:com.microsoft.example.FaresTest@747ddf94]" started-at="2023-04-06T14:33:43Z" name="fareTotal" finished-at="2023-04-06T14:33:43Z" duration-ms="4" status="PASS">
          <reporter-output>
          </reporter-output>
        </test-method> <!-- fareTotal -->
        <test-method is-config="true" signature="setupStartEndTimes()[pri:0, instance:com.microsoft.example.FaresTest@747ddf94]" started-at="2023-04-06T14:33:43Z" name="setupStartEndTimes" finished-at="2023-04-06T14:33:43Z" duration-ms="1" status="PASS">
          <reporter-output>
          </reporter-output>
        </test-method> <!-- setupStartEndTimes -->
        <test-method signature="faresProperties()[pri:0, instance:com.microsoft.example.FaresTest@747ddf94]" started-at="2023-04-06T14:33:43Z" name="faresProperties" finished-at="2023-04-06T14:33:43Z" duration-ms="1" status="PASS">
          <reporter-output>
          </reporter-output>
        </test-method> <!-- faresProperties -->
      </class> <!-- com.microsoft.example.FaresTest -->
    </test> <!-- Surefire test -->
  </suite> <!-- Surefire suite -->
</testng-results>
