<?xml version="1.0" encoding="UTF-8"?>
<testsuite xmlns:xsi="http://www.w3.org/2001/XMLSchema-instance" xsi:noNamespaceSchemaLocation="https://maven.apache.org/surefire/maven-surefire-plugin/xsd/surefire-test-report-3.0.xsd" version="3.0" name="TestSuite" time="1.652" tests="4" errors="0" skipped="0" failures="0">
  <properties>
[...]
</properties>
  <testcase name="employeeTotalFees" classname="com.microsoft.example.FaresTest" time="0.034"/>
  <testcase name="fareTotal" classname="com.microsoft.example.FaresTest" time="0.006"/>
  <testcase name="faresProperties" classname="com.microsoft.example.FaresTest" time="0"/>
  <testcase name="evaluatesExpression on evaluatesExpression(com.microsoft.example.SimpleTest)" classname="com.microsoft.example.SimpleTest" time="0.001"/>
</testsuite>